{"/Users/admin/Documents/School_Documents/Online_Classes/Hack_Reactor/GIT_REPOS/GROUP_PROJECTS/front-end-capstone/client/src/ProductOverview/AddToCart/SizeSelector.jsx": {"path":"/Users/admin/Documents/School_Documents/Online_Classes/Hack_Reactor/GIT_REPOS/GROUP_PROJECTS/front-end-capstone/client/src/ProductOverview/AddToCart/SizeSelector.jsx","statementMap":{"0":{"start":{"line":5,"column":2},"end":{"line":16,"column":3}},"1":{"start":{"line":6,"column":29},"end":{"line":6,"column":57}},"2":{"start":{"line":9,"column":8},"end":{"line":11,"column":14}},"3":{"start":{"line":13,"column":28},"end":{"line":13,"column":46}}},"fnMap":{"0":{"name":"SizeSelector","decl":{"start":{"line":4,"column":24},"end":{"line":4,"column":36}},"loc":{"start":{"line":4,"column":53},"end":{"line":17,"column":1}},"line":4},"1":{"name":"(anonymous_1)","decl":{"start":{"line":6,"column":22},"end":{"line":6,"column":23}},"loc":{"start":{"line":6,"column":29},"end":{"line":6,"column":57}},"line":6},"2":{"name":"(anonymous_2)","decl":{"start":{"line":8,"column":19},"end":{"line":8,"column":20}},"loc":{"start":{"line":8,"column":46},"end":{"line":12,"column":7}},"line":8},"3":{"name":"(anonymous_3)","decl":{"start":{"line":13,"column":21},"end":{"line":13,"column":22}},"loc":{"start":{"line":13,"column":28},"end":{"line":13,"column":46}},"line":13}},"branchMap":{"0":{"loc":{"start":{"line":9,"column":15},"end":{"line":11,"column":14}},"type":"cond-expr","locations":[{"start":{"line":10,"column":10},"end":{"line":10,"column":55}},{"start":{"line":11,"column":12},"end":{"line":11,"column":14}}],"line":9},"1":{"loc":{"start":{"line":13,"column":7},"end":{"line":14,"column":62}},"type":"cond-expr","locations":[{"start":{"line":14,"column":9},"end":{"line":14,"column":56}},{"start":{"line":14,"column":60},"end":{"line":14,"column":62}}],"line":13}},"s":{"0":1,"1":0,"2":0,"3":0},"f":{"0":1,"1":0,"2":0,"3":0},"b":{"0":[0,0],"1":[1,0]},"_coverageSchema":"1a1c01bbd47fc00a2c39e90264f33305004495a9","hash":"b71a135f0c2d9b87e843be3d1240e578a7abe468"}
}
